
                                      ARENA Simulation Results
                                   Edwin Forero - License: STUDENT

                                  Summary for Replication 1 of 1

Project: Unnamed Project                                             Run execution date : 4/12/2023
Analyst: Edwin Forero                                                Model revision date: 4/12/2023

Replication ended at time      : 1500.0 Hours 
Base Time Units: Hours

                                           TALLY VARIABLES

Identifier                                  Average   Half Width  Minimum    Maximum   Observations
___________________________________________________________________________________________________

Flow Time                                   13.463     (Insuf)    5.3002     59.501        298    
Reworks per Job                             .16107     (Insuf)    .00000     3.0000        298    
Jobs.VATime                                 7.6702     (Insuf)    5.0571     22.036        298    
Jobs.NVATime                                .00000     (Insuf)    .00000     .00000        298    
Jobs.WaitTime                               5.7931     (Insuf)    .00000     44.444        298    
Jobs.TranTime                               .00000     (Insuf)    .00000     .00000        298    
Jobs.OtherTime                              .00000     (Insuf)    .00000     .00000        298    
Jobs.TotalTime                              13.463     (Insuf)    5.3002     59.501        298    
Painting.Queue.WaitingTime                  .07949     (Insuf)    .00000     .98606        299    
Assembly.Queue.WaitingTime                  4.9048     (Corr)     .00000     22.472        349    

                                     DISCRETE-CHANGE VARIABLES

Identifier                                  Average   Half Width  Minimum    Maximum   Final Value
___________________________________________________________________________________________________

Jobs.WIP                                    2.6847     (Corr)     .00000     7.0000     3.0000    
Painter.NumberBusy                          .59620     .03353     .00000     1.0000     1.0000    
Painter.NumberScheduled                     1.0000     (Insuf)    1.0000     1.0000     1.0000    
Painter.Utilization                         .59620     .03353     .00000     1.0000     1.0000    
Assembler.NumberBusy                        .93148     (Insuf)    .00000     1.0000     1.0000    
Assembler.NumberScheduled                   1.0000     (Insuf)    1.0000     1.0000     1.0000    
Assembler.Utilization                       .93148     (Insuf)    .00000     1.0000     1.0000    
Painting.Queue.NumberInQueue                .01585     (Insuf)    .00000     1.0000     .00000    
Assembly.Queue.NumberInQueue                1.1412     (Corr)     .00000     6.0000     1.0000    

                                             OUTPUTS

Identifier                                   Value
_____________________________________________________________

Jobs.NumberIn                               301.00    
Jobs.NumberOut                              298.00    
Painter.NumberSeized                        299.00    
Painter.ScheduledUtilization                .59620    
Assembler.NumberSeized                      349.00    
Assembler.ScheduledUtilization              .93148    
System.NumberOut                            298.00    


Simulation run time: 0.03 minutes.
Simulation run complete.
